<?xml version="1.0" encoding="utf-8"?><testsuites><testsuite name="pytest" errors="0" failures="0" skipped="0" tests="2" time="0.934" timestamp="2020-11-03T16:30:13.827644" hostname="nyago-dynabook-B452-23F"><testcase classname="test_calculations.CalculationsTest" name="test_divide_contain_zero" time="0.007" /><testcase classname="test_calculations.CalculationsTest" name="test_divide_normal" time="0.014" /></testsuite></testsuites>